<?xml version="1.0" encoding="UTF-8"?>
<testsuite xmlns:xsi="http://www.w3.org/2001/XMLSchema-instance" xsi:noNamespaceSchemaLocation="https://maven.apache.org/surefire/maven-surefire-plugin/xsd/surefire-test-report.xsd" version="3.0.2" name="com.tahitinumerique.tahiti_time_numerique.TahitiTimeNumeriqueApplicationTests" time="11.225" tests="1" errors="0" skipped="0" failures="0">
  <properties>
[...]
</properties>
  <testcase name="contextLoads" classname="com.tahitinumerique.tahiti_time_numerique.TahitiTimeNumeriqueApplicationTests" time="0.69">
    <system-out><![CDATA[16:52:28.640 [main] INFO org.springframework.test.context.support.AnnotationConfigContextLoaderUtils -- Could not detect default configuration classes for test class [com.tahitinumerique.tahiti_time_numerique.TahitiTimeNumeriqueApplicationTests]: TahitiTimeNumeriqueApplicationTests does not declare any static, non-private, non-final, nested classes annotated with @Configuration.
16:52:28.792 [main] INFO org.springframework.boot.test.context.SpringBootTestContextBootstrapper -- Found @SpringBootConfiguration com.tahitinumerique.tahiti_time_numerique.TahitiTimeNumeriqueApplication for test class com.tahitinumerique.tahiti_time_numerique.TahitiTimeNumeriqueApplicationTests
16:52:29.156 [main] INFO org.springframework.boot.devtools.restart.RestartApplicationListener -- Restart disabled due to context in which it is running

  .   ____          _            __ _ _
 /\\ / ___'_ __ _ _(_)_ __  __ _ \ \ \ \
( ( )\___ | '_ | '_| | '_ \/ _` | \ \ \ \
 \\/  ___)| |_)| | | | | || (_| |  ) ) ) )
  '  |____| .__|_| |_|_| |_\__, | / / / /
 =========|_|==============|___/=/_/_/_/

 :: Spring Boot ::                (v3.4.0)

2024-11-26T16:52:29.641-10:00  INFO 29564 --- [tahiti-time-numerique] [           main] .t.t.TahitiTimeNumeriqueApplicationTests : Starting TahitiTimeNumeriqueApplicationTests using Java 17.0.13 with PID 29564 (started by HP in C:\Users\HP\Desktop\maru\Maru\Tahiti Numérique\TahitiTimeNumerique\Backend\tahiti-time-numerique\tahiti-time-numerique)
2024-11-26T16:52:29.643-10:00  INFO 29564 --- [tahiti-time-numerique] [           main] .t.t.TahitiTimeNumeriqueApplicationTests : No active profile set, falling back to 1 default profile: "default"
2024-11-26T16:52:31.490-10:00  INFO 29564 --- [tahiti-time-numerique] [           main] .s.d.r.c.RepositoryConfigurationDelegate : Bootstrapping Spring Data JPA repositories in DEFAULT mode.
2024-11-26T16:52:31.700-10:00  INFO 29564 --- [tahiti-time-numerique] [           main] .s.d.r.c.RepositoryConfigurationDelegate : Finished Spring Data repository scanning in 160 ms. Found 1 JPA repository interface.
2024-11-26T16:52:32.856-10:00  INFO 29564 --- [tahiti-time-numerique] [           main] o.hibernate.jpa.internal.util.LogHelper  : HHH000204: Processing PersistenceUnitInfo [name: default]
2024-11-26T16:52:33.022-10:00  INFO 29564 --- [tahiti-time-numerique] [           main] org.hibernate.Version                    : HHH000412: Hibernate ORM core version 6.6.2.Final
2024-11-26T16:52:33.137-10:00  INFO 29564 --- [tahiti-time-numerique] [           main] o.h.c.internal.RegionFactoryInitiator    : HHH000026: Second-level cache disabled
2024-11-26T16:52:34.017-10:00  INFO 29564 --- [tahiti-time-numerique] [           main] o.s.o.j.p.SpringPersistenceUnitInfo      : No LoadTimeWeaver setup: ignoring JPA class transformer
2024-11-26T16:52:34.135-10:00  INFO 29564 --- [tahiti-time-numerique] [           main] com.zaxxer.hikari.HikariDataSource       : HikariPool-1 - Starting...
2024-11-26T16:52:34.454-10:00  INFO 29564 --- [tahiti-time-numerique] [           main] com.zaxxer.hikari.pool.HikariPool        : HikariPool-1 - Added connection conn0: url=jdbc:h2:mem:timezonedb user=MARU
2024-11-26T16:52:34.456-10:00  INFO 29564 --- [tahiti-time-numerique] [           main] com.zaxxer.hikari.HikariDataSource       : HikariPool-1 - Start completed.
2024-11-26T16:52:34.486-10:00  WARN 29564 --- [tahiti-time-numerique] [           main] org.hibernate.orm.deprecation            : HHH90000025: H2Dialect does not need to be specified explicitly using 'hibernate.dialect' (remove the property setting and it will be selected by default)
2024-11-26T16:52:34.520-10:00  INFO 29564 --- [tahiti-time-numerique] [           main] org.hibernate.orm.connections.pooling    : HHH10001005: Database info:
	Database JDBC URL [Connecting through datasource 'HikariDataSource (HikariPool-1)']
	Database driver: undefined/unknown
	Database version: 2.3.232
	Autocommit mode: undefined/unknown
	Isolation level: undefined/unknown
	Minimum pool size: undefined/unknown
	Maximum pool size: undefined/unknown
2024-11-26T16:52:35.755-10:00  INFO 29564 --- [tahiti-time-numerique] [           main] o.h.e.t.j.p.i.JtaPlatformInitiator       : HHH000489: No JTA platform available (set 'hibernate.transaction.jta.platform' to enable JTA platform integration)
Hibernate: create table time_zone (id bigint generated by default as identity, active boolean not null, label varchar(255), utc_offset varchar(255), zone_id varchar(255), primary key (id))
2024-11-26T16:52:35.816-10:00  INFO 29564 --- [tahiti-time-numerique] [           main] j.LocalContainerEntityManagerFactoryBean : Initialized JPA EntityManagerFactory for persistence unit 'default'
2024-11-26T16:52:36.839-10:00  WARN 29564 --- [tahiti-time-numerique] [           main] JpaBaseConfiguration$JpaWebConfiguration : spring.jpa.open-in-view is enabled by default. Therefore, database queries may be performed during view rendering. Explicitly configure spring.jpa.open-in-view to disable this warning
2024-11-26T16:52:37.644-10:00  INFO 29564 --- [tahiti-time-numerique] [           main] o.s.b.a.h2.H2ConsoleAutoConfiguration    : H2 console available at '/h2-console'. Database available at 'jdbc:h2:mem:timezonedb'
2024-11-26T16:52:37.867-10:00  INFO 29564 --- [tahiti-time-numerique] [           main] .t.t.TahitiTimeNumeriqueApplicationTests : Started TahitiTimeNumeriqueApplicationTests in 8.73 seconds (process running for 10.644)
Hibernate: select count(*) from time_zone tz1_0
Hibernate: insert into time_zone (active,label,utc_offset,zone_id,id) values (?,?,?,?,default)
Hibernate: insert into time_zone (active,label,utc_offset,zone_id,id) values (?,?,?,?,default)
Hibernate: insert into time_zone (active,label,utc_offset,zone_id,id) values (?,?,?,?,default)
Hibernate: insert into time_zone (active,label,utc_offset,zone_id,id) values (?,?,?,?,default)
Hibernate: insert into time_zone (active,label,utc_offset,zone_id,id) values (?,?,?,?,default)
Hibernate: insert into time_zone (active,label,utc_offset,zone_id,id) values (?,?,?,?,default)
Hibernate: insert into time_zone (active,label,utc_offset,zone_id,id) values (?,?,?,?,default)
Hibernate: insert into time_zone (active,label,utc_offset,zone_id,id) values (?,?,?,?,default)
Hibernate: insert into time_zone (active,label,utc_offset,zone_id,id) values (?,?,?,?,default)
Hibernate: insert into time_zone (active,label,utc_offset,zone_id,id) values (?,?,?,?,default)
Hibernate: insert into time_zone (active,label,utc_offset,zone_id,id) values (?,?,?,?,default)
Hibernate: insert into time_zone (active,label,utc_offset,zone_id,id) values (?,?,?,?,default)
Hibernate: insert into time_zone (active,label,utc_offset,zone_id,id) values (?,?,?,?,default)
Hibernate: insert into time_zone (active,label,utc_offset,zone_id,id) values (?,?,?,?,default)
Hibernate: insert into time_zone (active,label,utc_offset,zone_id,id) values (?,?,?,?,default)
Hibernate: insert into time_zone (active,label,utc_offset,zone_id,id) values (?,?,?,?,default)
Hibernate: insert into time_zone (active,label,utc_offset,zone_id,id) values (?,?,?,?,default)
Hibernate: insert into time_zone (active,label,utc_offset,zone_id,id) values (?,?,?,?,default)
Hibernate: insert into time_zone (active,label,utc_offset,zone_id,id) values (?,?,?,?,default)
Hibernate: insert into time_zone (active,label,utc_offset,zone_id,id) values (?,?,?,?,default)
Hibernate: insert into time_zone (active,label,utc_offset,zone_id,id) values (?,?,?,?,default)
Hibernate: insert into time_zone (active,label,utc_offset,zone_id,id) values (?,?,?,?,default)
Hibernate: insert into time_zone (active,label,utc_offset,zone_id,id) values (?,?,?,?,default)
Hibernate: insert into time_zone (active,label,utc_offset,zone_id,id) values (?,?,?,?,default)
Hibernate: insert into time_zone (active,label,utc_offset,zone_id,id) values (?,?,?,?,default)
Hibernate: insert into time_zone (active,label,utc_offset,zone_id,id) values (?,?,?,?,default)
Hibernate: insert into time_zone (active,label,utc_offset,zone_id,id) values (?,?,?,?,default)
Hibernate: insert into time_zone (active,label,utc_offset,zone_id,id) values (?,?,?,?,default)
Hibernate: insert into time_zone (active,label,utc_offset,zone_id,id) values (?,?,?,?,default)
Hibernate: insert into time_zone (active,label,utc_offset,zone_id,id) values (?,?,?,?,default)
]]></system-out>
  </testcase>
</testsuite>